<?xml version="1.0" encoding="UTF-8"?>
<!-- Generated by org.testng.reporters.JUnitReportReporter -->
<testsuite skipped="0" hostname="DESKTOP-9CLPOE2" name="com.vTigerCRM.testScripts.CreateContactTest" tests="1" failures="0" timestamp="29 Apr 2020 01:21:22 GMT" time="23.480" errors="0">
  <testcase name="createContactTest" time="23.480" classname="com.vTigerCRM.testScripts.CreateContactTest"/>
</testsuite> <!-- com.vTigerCRM.testScripts.CreateContactTest -->
