<?xml version="1.0" encoding="UTF-8"?>
<!-- Generated by org.testng.reporters.JUnitReportReporter -->
<testsuite skipped="0" hostname="DESKTOP-9CLPOE2" name="com.vTigerCRM.testScripts.DemoOfFindBysandFindByAll" tests="1" failures="0" timestamp="04 May 2020 10:07:57 GMT" time="15.803" errors="0">
  <testcase name="test" time="15.803" classname="com.vTigerCRM.testScripts.DemoOfFindBysandFindByAll"/>
</testsuite> <!-- com.vTigerCRM.testScripts.DemoOfFindBysandFindByAll -->
