<?xml version="1.0" encoding="UTF-8"?>
<!-- Generated by org.testng.reporters.JUnitReportReporter -->
<testsuite skipped="0" hostname="DESKTOP-9CLPOE2" name="com.vTigerCRM.testScripts.DataProviderDemo" tests="3" failures="0" timestamp="04 May 2020 09:59:52 GMT" time="0.017" errors="0">
  <testcase name="adToCartTest" time="0.011" classname="com.vTigerCRM.testScripts.DataProviderDemo"/>
  <testcase name="adToCartTest" time="0.004" classname="com.vTigerCRM.testScripts.DataProviderDemo"/>
  <testcase name="adToCartTest" time="0.002" classname="com.vTigerCRM.testScripts.DataProviderDemo"/>
</testsuite> <!-- com.vTigerCRM.testScripts.DataProviderDemo -->
